<?xml version="1.0" encoding="UTF-8"?>
<testsuite xmlns:xsi="http://www.w3.org/2001/XMLSchema-instance" xsi:noNamespaceSchemaLocation="https://maven.apache.org/surefire/maven-surefire-plugin/xsd/surefire-test-report.xsd" name="CreateOrderTest" time="12.12" tests="4" errors="0" skipped="0" failures="0">
  <properties>
    <property name="sun.desktop" value="windows"/>
    <property name="awt.toolkit" value="sun.awt.windows.WToolkit"/>
    <property name="java.specification.version" value="11"/>
    <property name="sun.cpu.isalist" value="amd64"/>
    <property name="sun.jnu.encoding" value="Cp1251"/>
    <property name="java.class.path" value="C:\Users\mi\Desktop\Diplom\Diplom_2-new\target\test-classes;C:\Users\mi\Desktop\Diplom\Diplom_2-new\target\classes;C:\Users\mi\.m2\repository\junit\junit\4.13.2\junit-4.13.2.jar;C:\Users\mi\.m2\repository\org\hamcrest\hamcrest-core\1.3\hamcrest-core-1.3.jar;C:\Users\mi\.m2\repository\io\rest-assured\rest-assured\5.0.1\rest-assured-5.0.1.jar;C:\Users\mi\.m2\repository\org\apache\groovy\groovy\4.0.1\groovy-4.0.1.jar;C:\Users\mi\.m2\repository\org\apache\groovy\groovy-xml\4.0.1\groovy-xml-4.0.1.jar;C:\Users\mi\.m2\repository\org\apache\httpcomponents\httpclient\4.5.13\httpclient-4.5.13.jar;C:\Users\mi\.m2\repository\org\apache\httpcomponents\httpcore\4.4.13\httpcore-4.4.13.jar;C:\Users\mi\.m2\repository\commons-logging\commons-logging\1.2\commons-logging-1.2.jar;C:\Users\mi\.m2\repository\commons-codec\commons-codec\1.11\commons-codec-1.11.jar;C:\Users\mi\.m2\repository\org\apache\httpcomponents\httpmime\4.5.13\httpmime-4.5.13.jar;C:\Users\mi\.m2\repository\org\hamcrest\hamcrest\2.1\hamcrest-2.1.jar;C:\Users\mi\.m2\repository\org\ccil\cowan\tagsoup\tagsoup\1.2.1\tagsoup-1.2.1.jar;C:\Users\mi\.m2\repository\io\rest-assured\json-path\5.0.1\json-path-5.0.1.jar;C:\Users\mi\.m2\repository\org\apache\groovy\groovy-json\4.0.1\groovy-json-4.0.1.jar;C:\Users\mi\.m2\repository\io\rest-assured\rest-assured-common\5.0.1\rest-assured-common-5.0.1.jar;C:\Users\mi\.m2\repository\io\rest-assured\xml-path\5.0.1\xml-path-5.0.1.jar;C:\Users\mi\.m2\repository\com\google\code\gson\gson\2.8.9\gson-2.8.9.jar;C:\Users\mi\.m2\repository\io\qameta\allure\allure-junit4\2.18.0\allure-junit4-2.18.0.jar;C:\Users\mi\.m2\repository\io\qameta\allure\allure-java-commons\2.18.0\allure-java-commons-2.18.0.jar;C:\Users\mi\.m2\repository\org\slf4j\slf4j-api\1.7.30\slf4j-api-1.7.30.jar;C:\Users\mi\.m2\repository\io\qameta\allure\allure-model\2.18.0\allure-model-2.18.0.jar;C:\Users\mi\.m2\repository\io\qameta\allure\allure-rest-assured\2.18.0\allure-rest-assured-2.18.0.jar;C:\Users\mi\.m2\repository\io\qameta\allure\allure-attachments\2.18.0\allure-attachments-2.18.0.jar;C:\Users\mi\.m2\repository\org\freemarker\freemarker\2.3.31\freemarker-2.3.31.jar;C:\Users\mi\.m2\repository\com\github\javafaker\javafaker\1.0.2\javafaker-1.0.2.jar;C:\Users\mi\.m2\repository\org\apache\commons\commons-lang3\3.5\commons-lang3-3.5.jar;C:\Users\mi\.m2\repository\org\yaml\snakeyaml\1.23\snakeyaml-1.23-android.jar;C:\Users\mi\.m2\repository\com\github\mifmif\generex\1.0.2\generex-1.0.2.jar;C:\Users\mi\.m2\repository\dk\brics\automaton\automaton\1.11-8\automaton-1.11-8.jar;C:\Users\mi\.m2\repository\org\assertj\assertj-core\3.22.0\assertj-core-3.22.0.jar;"/>
    <property name="java.vm.vendor" value="Amazon.com Inc."/>
    <property name="sun.arch.data.model" value="64"/>
    <property name="user.variant" value=""/>
    <property name="java.vendor.url" value="https://aws.amazon.com/corretto/"/>
    <property name="user.timezone" value="Europe/Moscow"/>
    <property name="java.vm.specification.version" value="11"/>
    <property name="os.name" value="Windows 10"/>
    <property name="sun.java.launcher" value="SUN_STANDARD"/>
    <property name="user.country" value="RU"/>
    <property name="sun.boot.library.path" value="C:\Program Files\Amazon Corretto\jdk11.0.15_9\bin"/>
    <property name="sun.java.command" value="C:\Users\mi\AppData\Local\Temp\surefire2003746224651912041\surefirebooter2899761353112642337.jar C:\Users\mi\AppData\Local\Temp\surefire2003746224651912041 2022-10-16T23-58-36_269-jvmRun1 surefire12142209261167494513tmp surefire_017585519212934540996tmp"/>
    <property name="jdk.debug" value="release"/>
    <property name="surefire.test.class.path" value="C:\Users\mi\Desktop\Diplom\Diplom_2-new\target\test-classes;C:\Users\mi\Desktop\Diplom\Diplom_2-new\target\classes;C:\Users\mi\.m2\repository\junit\junit\4.13.2\junit-4.13.2.jar;C:\Users\mi\.m2\repository\org\hamcrest\hamcrest-core\1.3\hamcrest-core-1.3.jar;C:\Users\mi\.m2\repository\io\rest-assured\rest-assured\5.0.1\rest-assured-5.0.1.jar;C:\Users\mi\.m2\repository\org\apache\groovy\groovy\4.0.1\groovy-4.0.1.jar;C:\Users\mi\.m2\repository\org\apache\groovy\groovy-xml\4.0.1\groovy-xml-4.0.1.jar;C:\Users\mi\.m2\repository\org\apache\httpcomponents\httpclient\4.5.13\httpclient-4.5.13.jar;C:\Users\mi\.m2\repository\org\apache\httpcomponents\httpcore\4.4.13\httpcore-4.4.13.jar;C:\Users\mi\.m2\repository\commons-logging\commons-logging\1.2\commons-logging-1.2.jar;C:\Users\mi\.m2\repository\commons-codec\commons-codec\1.11\commons-codec-1.11.jar;C:\Users\mi\.m2\repository\org\apache\httpcomponents\httpmime\4.5.13\httpmime-4.5.13.jar;C:\Users\mi\.m2\repository\org\hamcrest\hamcrest\2.1\hamcrest-2.1.jar;C:\Users\mi\.m2\repository\org\ccil\cowan\tagsoup\tagsoup\1.2.1\tagsoup-1.2.1.jar;C:\Users\mi\.m2\repository\io\rest-assured\json-path\5.0.1\json-path-5.0.1.jar;C:\Users\mi\.m2\repository\org\apache\groovy\groovy-json\4.0.1\groovy-json-4.0.1.jar;C:\Users\mi\.m2\repository\io\rest-assured\rest-assured-common\5.0.1\rest-assured-common-5.0.1.jar;C:\Users\mi\.m2\repository\io\rest-assured\xml-path\5.0.1\xml-path-5.0.1.jar;C:\Users\mi\.m2\repository\com\google\code\gson\gson\2.8.9\gson-2.8.9.jar;C:\Users\mi\.m2\repository\io\qameta\allure\allure-junit4\2.18.0\allure-junit4-2.18.0.jar;C:\Users\mi\.m2\repository\io\qameta\allure\allure-java-commons\2.18.0\allure-java-commons-2.18.0.jar;C:\Users\mi\.m2\repository\org\slf4j\slf4j-api\1.7.30\slf4j-api-1.7.30.jar;C:\Users\mi\.m2\repository\io\qameta\allure\allure-model\2.18.0\allure-model-2.18.0.jar;C:\Users\mi\.m2\repository\io\qameta\allure\allure-rest-assured\2.18.0\allure-rest-assured-2.18.0.jar;C:\Users\mi\.m2\repository\io\qameta\allure\allure-attachments\2.18.0\allure-attachments-2.18.0.jar;C:\Users\mi\.m2\repository\org\freemarker\freemarker\2.3.31\freemarker-2.3.31.jar;C:\Users\mi\.m2\repository\com\github\javafaker\javafaker\1.0.2\javafaker-1.0.2.jar;C:\Users\mi\.m2\repository\org\apache\commons\commons-lang3\3.5\commons-lang3-3.5.jar;C:\Users\mi\.m2\repository\org\yaml\snakeyaml\1.23\snakeyaml-1.23-android.jar;C:\Users\mi\.m2\repository\com\github\mifmif\generex\1.0.2\generex-1.0.2.jar;C:\Users\mi\.m2\repository\dk\brics\automaton\automaton\1.11-8\automaton-1.11-8.jar;C:\Users\mi\.m2\repository\org\assertj\assertj-core\3.22.0\assertj-core-3.22.0.jar;"/>
    <property name="sun.cpu.endian" value="little"/>
    <property name="allure.results.directory" value="C:\Users\mi\Desktop\Diplom\Diplom_2-new\target/allure-results"/>
    <property name="user.home" value="C:\Users\mi"/>
    <property name="user.language" value="ru"/>
    <property name="java.specification.vendor" value="Oracle Corporation"/>
    <property name="java.version.date" value="2022-04-19"/>
    <property name="java.home" value="C:\Program Files\Amazon Corretto\jdk11.0.15_9"/>
    <property name="file.separator" value="\"/>
    <property name="basedir" value="C:\Users\mi\Desktop\Diplom\Diplom_2-new"/>
    <property name="java.vm.compressedOopsMode" value="32-bit"/>
    <property name="line.separator" value="&#10;"/>
    <property name="java.specification.name" value="Java Platform API Specification"/>
    <property name="java.vm.specification.vendor" value="Oracle Corporation"/>
    <property name="java.awt.graphicsenv" value="sun.awt.Win32GraphicsEnvironment"/>
    <property name="surefire.real.class.path" value="C:\Users\mi\AppData\Local\Temp\surefire2003746224651912041\surefirebooter2899761353112642337.jar"/>
    <property name="user.script" value=""/>
    <property name="sun.management.compiler" value="HotSpot 64-Bit Tiered Compilers"/>
    <property name="java.runtime.version" value="11.0.15+9-LTS"/>
    <property name="user.name" value="mi"/>
    <property name="path.separator" value=";"/>
    <property name="os.version" value="10.0"/>
    <property name="java.runtime.name" value="OpenJDK Runtime Environment"/>
    <property name="file.encoding" value="Cp1251"/>
    <property name="java.vm.name" value="OpenJDK 64-Bit Server VM"/>
    <property name="java.vendor.version" value="Corretto-11.0.15.9.1"/>
    <property name="localRepository" value="C:\Users\mi\.m2\repository"/>
    <property name="java.vendor.url.bug" value="https://github.com/corretto/corretto-11/issues/"/>
    <property name="java.io.tmpdir" value="C:\Users\mi\AppData\Local\Temp\"/>
    <property name="idea.version" value="2022.1.3"/>
    <property name="java.version" value="11.0.15"/>
    <property name="user.dir" value="C:\Users\mi\Desktop\Diplom\Diplom_2-new"/>
    <property name="os.arch" value="amd64"/>
    <property name="java.vm.specification.name" value="Java Virtual Machine Specification"/>
    <property name="java.awt.printerjob" value="sun.awt.windows.WPrinterJob"/>
    <property name="sun.os.patch.level" value=""/>
    <property name="java.library.path" value="C:\Program Files\Amazon Corretto\jdk11.0.15_9\bin;C:\WINDOWS\Sun\Java\bin;C:\WINDOWS\system32;C:\WINDOWS;C:\Program Files\apache-maven-3.8.6\bin;C:\Program Files\Amazon Corretto\jdk11.0.15_9\bin;C:\Program Files\Git\cmd;C:\Program Files\WebDriver;C:\Program Files\FiefoxWebdriver;C:\Program Files\allure-2.19.0\bin;C:\Users\mi\miniconda3;C:\Users\mi\miniconda3\Library\mingw-w64\bin;C:\Users\mi\miniconda3\Library\usr\bin;C:\Users\mi\miniconda3\Library\bin;C:\Users\mi\miniconda3\Scripts;C:\Users\mi\AppData\Local\Programs\Python\Python39\Scripts\;C:\Users\mi\AppData\Local\Programs\Python\Python39\;C:\Users\mi\AppData\Local\Microsoft\WindowsApps;C:\Program Files\JetBrains\PyCharm 2020.3.2\bin;C:\Users\mi\AppData\Local\atom\bin;C:\Users\mi\AppData\Roaming\npm;C:\Program Files\JetBrains\IntelliJ IDEA 2022.1.3\bin;;C:\Program Files\apache-maven-3.8.6;;."/>
    <property name="java.vm.info" value="mixed mode"/>
    <property name="java.vendor" value="Amazon.com Inc."/>
    <property name="java.vm.version" value="11.0.15+9-LTS"/>
    <property name="sun.io.unicode.encoding" value="UnicodeLittle"/>
    <property name="java.class.version" value="55.0"/>
  </properties>
  <testcase name="orderCreationWithoutIngredients" classname="CreateOrderTest" time="6.182"/>
  <testcase name="orderCreationWithInvalidIngredientsHash" classname="CreateOrderTest" time="1.958"/>
  <testcase name="orderCreationWithUserAuthorization" classname="CreateOrderTest" time="2.222"/>
  <testcase name="orderCreationWithoutUserAuthorization" classname="CreateOrderTest" time="1.378"/>
</testsuite>